<?xml version="1.0" encoding="UTF-8"?>
<!-- Generated by org.testng.reporters.JUnitReportReporter -->
<testsuite hostname="LAPTOP-ETE3T59N" failures="0" tests="1" name="sarch.DropDownMenu" time="6.955" errors="0" timestamp="2021-01-07T13:58:08 PST" skipped="0">
  <testcase classname="sarch.DropDownMenu" name="dropDown" time="6.955"/>
  <system-out/>
</testsuite> <!-- sarch.DropDownMenu -->
